<?xml version="1.0" encoding="UTF-8"?>
<!-- Generated by org.testng.reporters.JUnitReportReporter -->
<testsuite hostname="LAPTOP-OK5K7E4D" failures="0" tests="1" name="Test.Test" time="10.536" errors="0" timestamp="2022-12-01T01:17:28 CST" skipped="0">
  <testcase classname="Test.Test" name="submitForm" time="10.536"/>
  <system-out/>
</testsuite> <!-- Test.Test -->
