<?xml version="1.0" encoding="UTF-8" ?>
<testsuite tests="1" failures="0" name="Test.Test" time="10.525" errors="0" skipped="0">
  <properties>
    <property name="java.runtime.name" value="Java(TM) SE Runtime Environment"/>
    <property name="java.vm.version" value="17.0.2+8-LTS-86"/>
    <property name="sun.boot.library.path" value="C:\Program Files\Java\jdk-17.0.2\bin"/>
    <property name="maven.multiModuleProjectDirectory" value="C:\Users\dcarl\source\repos\Testing"/>
    <property name="java.vm.vendor" value="Oracle Corporation"/>
    <property name="java.vendor.url" value="https://java.oracle.com/"/>
    <property name="guice.disable.misplaced.annotation.check" value="true"/>
    <property name="path.separator" value=";"/>
    <property name="java.vm.name" value="Java HotSpot(TM) 64-Bit Server VM"/>
    <property name="sun.os.patch.level" value=""/>
    <property name="user.script" value=""/>
    <property name="user.country" value="ES"/>
    <property name="sun.java.launcher" value="SUN_STANDARD"/>
    <property name="java.vm.specification.name" value="Java Virtual Machine Specification"/>
    <property name="user.dir" value="C:\Users\dcarl\source\repos\Testing"/>
    <property name="java.vm.compressedOopsMode" value="32-bit"/>
    <property name="java.runtime.version" value="17.0.2+8-LTS-86"/>
    <property name="os.arch" value="amd64"/>
    <property name="java.io.tmpdir" value="C:\Users\dcarl\AppData\Local\Temp\"/>
    <property name="line.separator" value="
"/>
    <property name="java.vm.specification.vendor" value="Oracle Corporation"/>
    <property name="user.variant" value=""/>
    <property name="os.name" value="Windows 10"/>
    <property name="classworlds.conf" value="C:\Users\dcarl\scoop\apps\maven\current\bin\m2.conf"/>
    <property name="sun.jnu.encoding" value="Cp1252"/>
    <property name="java.library.path" value="C:\Program Files\Java\jdk-17.0.2\bin;C:\WINDOWS\Sun\Java\bin;C:\WINDOWS\system32;C:\WINDOWS;c:\devkitPro\msys2\usr\bin;C:\Program Files (x86)\VMware\VMware Workstation\bin\;C:\Python\Scripts\;C:\Python\;C:\Program Files (x86)\Common Files\Oracle\Java\javapath;C:\Program Files (x86)\Intel\Intel(R) Management Engine Components\iCLS\;C:\Program Files\Intel\Intel(R) Management Engine Components\iCLS\;C:\ProgramData\Oracle\Java\javapath;C:\Program Files\Broadcom\Broadcom 802.11 Network Adapter;C:\Windows\System32;C:\Windows;C:\Windows\System32\wbem;C:\Windows\System32\WindowsPowerShell\v1.0\;C:\Program Files\dotnet\;C:\sqlite;C:\Windows\System32\OpenSSH\;C:\Program Files (x86)\Intel\Intel(R) Management Engine Components\DAL;C:\Program Files\Intel\Intel(R) Management Engine Components\DAL;C:\Program Files (x86)\Intel\Intel(R) Management Engine Components\IPT;C:\Program Files\Intel\Intel(R) Management Engine Components\IPT;C:\MySQL\bin;C:\Program Files (x86)\Microchip\MPLAB C32 Suite\bin;C:\Program Files\NASM;C:\Program Files (x86)\Microchip\xc8\v2.05\bin;C:\Program Files\MiKTeX\miktex\bin\x64\;C:\Program Files\CMake\bin;C:\Program Files (x86)\Minimal ADB and Fastboot;C:\Program Files\PuTTY\;C:\mingw64;C:\mingw64\bin;C:\Program Files\LLVM\bin;C:\avr\avr8-gnu-toolchain-win32_x86_64\bin;C:\Program Files\Git\cmd;C:\Python\Scripts\;C:\Python\;C:\Program Files (x86)\GNU Arm Embedded Toolchain\10 2021.10\bin;C:\Users\dcarl\scoop\apps\maven\current\bin;C:\Users\dcarl\scoop\shims;C:\Users\dcarl\.cargo\bin;C:\Users\dcarl\AppData\Local\Microsoft\WindowsApps;C:\Users\dcarl\AppData\Local\Programs\Microsoft VS Code\bin;C:\Users\dcarl\AppData\Roaming\nvm;C:\Program Files\nodejs;C:\Users\dcarl\AppData\Local\hyper\app-3.0.2\resources\bin;C:\Users\dcarl\.deno\bin;C:\Users\dcarl\AppData\Local\Programs\radare2\bin;C:\Program Files (x86)\Microsoft Visual Studio\2019\BuildTools\VC\Tools\MSVC\14.28.29333\bin\Hostx64\x64;C:\Program Files\JetBrains\CLion 2021.1.2\bin;C:\Users\dcarl\AppData\Local\Programs\oh-my-posh\bin;C:\Users\dcarl\AppData\Local\Programs\oh-my-posh\themes;C:\Program Files (x86)\Nmap;."/>
    <property name="maven.conf" value="C:\Users\dcarl\scoop\apps\maven\current/conf"/>
    <property name="jdk.debug" value="release"/>
    <property name="java.class.version" value="61.0"/>
    <property name="java.specification.name" value="Java Platform API Specification"/>
    <property name="sun.management.compiler" value="HotSpot 64-Bit Tiered Compilers"/>
    <property name="os.version" value="10.0"/>
    <property name="library.jansi.path" value="C:\Users\dcarl\scoop\apps\maven\current\lib\jansi-native"/>
    <property name="user.home" value="C:\Users\dcarl"/>
    <property name="user.timezone" value="America/Mexico_City"/>
    <property name="file.encoding" value="Cp1252"/>
    <property name="java.specification.version" value="17"/>
    <property name="user.name" value="dcarl"/>
    <property name="java.class.path" value="C:\Users\dcarl\scoop\apps\maven\current\boot\plexus-classworlds-2.6.0.jar"/>
    <property name="java.vm.specification.version" value="17"/>
    <property name="sun.arch.data.model" value="64"/>
    <property name="sun.java.command" value="org.codehaus.plexus.classworlds.launcher.Launcher test"/>
    <property name="java.home" value="C:\Program Files\Java\jdk-17.0.2"/>
    <property name="user.language" value="es"/>
    <property name="java.specification.vendor" value="Oracle Corporation"/>
    <property name="java.vm.info" value="mixed mode, sharing"/>
    <property name="java.version" value="17.0.2"/>
    <property name="native.encoding" value="Cp1252"/>
    <property name="java.vendor" value="Oracle Corporation"/>
    <property name="sun.stderr.encoding" value="cp850"/>
    <property name="maven.home" value="C:\Users\dcarl\scoop\apps\maven\current"/>
    <property name="file.separator" value="\"/>
    <property name="java.version.date" value="2022-01-18"/>
    <property name="java.vendor.url.bug" value="https://bugreport.java.com/bugreport/"/>
    <property name="sun.io.unicode.encoding" value="UnicodeLittle"/>
    <property name="sun.cpu.endian" value="little"/>
    <property name="sun.stdout.encoding" value="cp850"/>
    <property name="sun.cpu.isalist" value="amd64"/>
  </properties>
  <testcase classname="Test.Test" name="submitForm" time="10.525"/>
</testsuite>